2023-12-15 08:03:53 INFO     
    â–ˆâ–ˆâ–ˆâ–ˆâ–ˆâ–ˆâ–ˆâ•—â–ˆâ–ˆâ•—â–ˆâ–ˆâ–ˆâ–ˆâ–ˆâ–ˆâ•—  â–ˆâ–ˆâ–ˆâ–ˆâ–ˆâ–ˆâ•— â–ˆâ–ˆâ–ˆâ–ˆâ–ˆâ–ˆâ•— â–ˆâ–ˆâ•—     â–ˆâ–ˆâ•—â–ˆâ–ˆâ–ˆâ–ˆâ–ˆâ–ˆâ–ˆâ–ˆâ•—â–ˆâ–ˆâ–ˆâ–ˆâ–ˆâ–ˆâ–ˆâ•—
    â•šâ•â•â–ˆâ–ˆâ–ˆâ•”â•â–ˆâ–ˆâ•‘â–ˆâ–ˆâ•”â•â•â–ˆâ–ˆâ•—â–ˆâ–ˆâ•”â•â•â•â•â•â–ˆâ–ˆâ•”â•â•â•â–ˆâ–ˆâ•—â–ˆâ–ˆâ•‘     â–ˆâ–ˆâ•‘â•šâ•â•â–ˆâ–ˆâ•”â•â•â•â–ˆâ–ˆâ•”â•â•â•â•â•
      â–ˆâ–ˆâ–ˆâ•”â• â–ˆâ–ˆâ•‘â–ˆâ–ˆâ–ˆâ–ˆâ–ˆâ–ˆâ•”â•â–ˆâ–ˆâ•‘     â–ˆâ–ˆâ•‘   â–ˆâ–ˆâ•‘â–ˆâ–ˆâ•‘     â–ˆâ–ˆâ•‘   â–ˆâ–ˆâ•‘   â–ˆâ–ˆâ–ˆâ–ˆâ–ˆâ•—
     â–ˆâ–ˆâ–ˆâ•”â•  â–ˆâ–ˆâ•‘â–ˆâ–ˆâ•”â•â•â–ˆâ–ˆâ•—â–ˆâ–ˆâ•‘     â–ˆâ–ˆâ•‘   â–ˆâ–ˆâ•‘â–ˆâ–ˆâ•‘     â–ˆâ–ˆâ•‘   â–ˆâ–ˆâ•‘   â–ˆâ–ˆâ•”â•â•â•
    â–ˆâ–ˆâ–ˆâ–ˆâ–ˆâ–ˆâ–ˆâ•—â–ˆâ–ˆâ•‘â–ˆâ–ˆâ•‘  â–ˆâ–ˆâ•‘â•šâ–ˆâ–ˆâ–ˆâ–ˆâ–ˆâ–ˆâ•—â•šâ–ˆâ–ˆâ–ˆâ–ˆâ–ˆâ–ˆâ•”â•â–ˆâ–ˆâ–ˆâ–ˆâ–ˆâ–ˆâ–ˆâ•—â–ˆâ–ˆâ•‘   â–ˆâ–ˆâ•‘   â–ˆâ–ˆâ–ˆâ–ˆâ–ˆâ–ˆâ–ˆâ•—
    â•šâ•â•â•â•â•â•â•â•šâ•â•â•šâ•â•  â•šâ•â• â•šâ•â•â•â•â•â• â•šâ•â•â•â•â•â• â•šâ•â•â•â•â•â•â•â•šâ•â•   â•šâ•â•   â•šâ•â•â•â•â•â•â•
   -= Standalone SIGMA Detection tool for EVTX/Auditd/Sysmon Linux =-
    
2023-12-15 08:03:53 INFO     [+] Checking prerequisites
2023-12-15 08:03:53 ERROR    [31m   [-] Cannot find mapping file, you can get the default one here : https://github.com/wagga40/Zircolite/blob/master/config/fieldMappings.json [39m
2023-12-15 08:12:43 INFO     
    â–ˆâ–ˆâ–ˆâ–ˆâ–ˆâ–ˆâ–ˆâ•—â–ˆâ–ˆâ•—â–ˆâ–ˆâ–ˆâ–ˆâ–ˆâ–ˆâ•—  â–ˆâ–ˆâ–ˆâ–ˆâ–ˆâ–ˆâ•— â–ˆâ–ˆâ–ˆâ–ˆâ–ˆâ–ˆâ•— â–ˆâ–ˆâ•—     â–ˆâ–ˆâ•—â–ˆâ–ˆâ–ˆâ–ˆâ–ˆâ–ˆâ–ˆâ–ˆâ•—â–ˆâ–ˆâ–ˆâ–ˆâ–ˆâ–ˆâ–ˆâ•—
    â•šâ•â•â–ˆâ–ˆâ–ˆâ•”â•â–ˆâ–ˆâ•‘â–ˆâ–ˆâ•”â•â•â–ˆâ–ˆâ•—â–ˆâ–ˆâ•”â•â•â•â•â•â–ˆâ–ˆâ•”â•â•â•â–ˆâ–ˆâ•—â–ˆâ–ˆâ•‘     â–ˆâ–ˆâ•‘â•šâ•â•â–ˆâ–ˆâ•”â•â•â•â–ˆâ–ˆâ•”â•â•â•â•â•
      â–ˆâ–ˆâ–ˆâ•”â• â–ˆâ–ˆâ•‘â–ˆâ–ˆâ–ˆâ–ˆâ–ˆâ–ˆâ•”â•â–ˆâ–ˆâ•‘     â–ˆâ–ˆâ•‘   â–ˆâ–ˆâ•‘â–ˆâ–ˆâ•‘     â–ˆâ–ˆâ•‘   â–ˆâ–ˆâ•‘   â–ˆâ–ˆâ–ˆâ–ˆâ–ˆâ•—
     â–ˆâ–ˆâ–ˆâ•”â•  â–ˆâ–ˆâ•‘â–ˆâ–ˆâ•”â•â•â–ˆâ–ˆâ•—â–ˆâ–ˆâ•‘     â–ˆâ–ˆâ•‘   â–ˆâ–ˆâ•‘â–ˆâ–ˆâ•‘     â–ˆâ–ˆâ•‘   â–ˆâ–ˆâ•‘   â–ˆâ–ˆâ•”â•â•â•
    â–ˆâ–ˆâ–ˆâ–ˆâ–ˆâ–ˆâ–ˆâ•—â–ˆâ–ˆâ•‘â–ˆâ–ˆâ•‘  â–ˆâ–ˆâ•‘â•šâ–ˆâ–ˆâ–ˆâ–ˆâ–ˆâ–ˆâ•—â•šâ–ˆâ–ˆâ–ˆâ–ˆâ–ˆâ–ˆâ•”â•â–ˆâ–ˆâ–ˆâ–ˆâ–ˆâ–ˆâ–ˆâ•—â–ˆâ–ˆâ•‘   â–ˆâ–ˆâ•‘   â–ˆâ–ˆâ–ˆâ–ˆâ–ˆâ–ˆâ–ˆâ•—
    â•šâ•â•â•â•â•â•â•â•šâ•â•â•šâ•â•  â•šâ•â• â•šâ•â•â•â•â•â• â•šâ•â•â•â•â•â• â•šâ•â•â•â•â•â•â•â•šâ•â•   â•šâ•â•   â•šâ•â•â•â•â•â•â•
   -= Standalone SIGMA Detection tool for EVTX/Auditd/Sysmon Linux =-
    
2023-12-15 08:12:43 INFO     [+] Checking prerequisites
2023-12-15 08:12:43 INFO     [+] Processing events
2023-12-15 08:12:43 INFO     [+] Creating model
2023-12-15 08:12:43 INFO     [+] Inserting data
2023-12-15 08:12:43 INFO     [+] Cleaning unused objects
2023-12-15 08:12:43 INFO     [+] Loading ruleset from : OldTestData/rules/rules_linux.json
2023-12-15 08:12:43 INFO     [+] Executing ruleset - 169 rules
2023-12-15 08:12:43 INFO     [+] Results written in : detected_events.json
2023-12-15 08:12:43 INFO     [+] Cleaning
2023-12-15 08:12:43 INFO     
Finished in 0 seconds
2023-12-15 09:06:17 INFO     
    â–ˆâ–ˆâ–ˆâ–ˆâ–ˆâ–ˆâ–ˆâ•—â–ˆâ–ˆâ•—â–ˆâ–ˆâ–ˆâ–ˆâ–ˆâ–ˆâ•—  â–ˆâ–ˆâ–ˆâ–ˆâ–ˆâ–ˆâ•— â–ˆâ–ˆâ–ˆâ–ˆâ–ˆâ–ˆâ•— â–ˆâ–ˆâ•—     â–ˆâ–ˆâ•—â–ˆâ–ˆâ–ˆâ–ˆâ–ˆâ–ˆâ–ˆâ–ˆâ•—â–ˆâ–ˆâ–ˆâ–ˆâ–ˆâ–ˆâ–ˆâ•—
    â•šâ•â•â–ˆâ–ˆâ–ˆâ•”â•â–ˆâ–ˆâ•‘â–ˆâ–ˆâ•”â•â•â–ˆâ–ˆâ•—â–ˆâ–ˆâ•”â•â•â•â•â•â–ˆâ–ˆâ•”â•â•â•â–ˆâ–ˆâ•—â–ˆâ–ˆâ•‘     â–ˆâ–ˆâ•‘â•šâ•â•â–ˆâ–ˆâ•”â•â•â•â–ˆâ–ˆâ•”â•â•â•â•â•
      â–ˆâ–ˆâ–ˆâ•”â• â–ˆâ–ˆâ•‘â–ˆâ–ˆâ–ˆâ–ˆâ–ˆâ–ˆâ•”â•â–ˆâ–ˆâ•‘     â–ˆâ–ˆâ•‘   â–ˆâ–ˆâ•‘â–ˆâ–ˆâ•‘     â–ˆâ–ˆâ•‘   â–ˆâ–ˆâ•‘   â–ˆâ–ˆâ–ˆâ–ˆâ–ˆâ•—
     â–ˆâ–ˆâ–ˆâ•”â•  â–ˆâ–ˆâ•‘â–ˆâ–ˆâ•”â•â•â–ˆâ–ˆâ•—â–ˆâ–ˆâ•‘     â–ˆâ–ˆâ•‘   â–ˆâ–ˆâ•‘â–ˆâ–ˆâ•‘     â–ˆâ–ˆâ•‘   â–ˆâ–ˆâ•‘   â–ˆâ–ˆâ•”â•â•â•
    â–ˆâ–ˆâ–ˆâ–ˆâ–ˆâ–ˆâ–ˆâ•—â–ˆâ–ˆâ•‘â–ˆâ–ˆâ•‘  â–ˆâ–ˆâ•‘â•šâ–ˆâ–ˆâ–ˆâ–ˆâ–ˆâ–ˆâ•—â•šâ–ˆâ–ˆâ–ˆâ–ˆâ–ˆâ–ˆâ•”â•â–ˆâ–ˆâ–ˆâ–ˆâ–ˆâ–ˆâ–ˆâ•—â–ˆâ–ˆâ•‘   â–ˆâ–ˆâ•‘   â–ˆâ–ˆâ–ˆâ–ˆâ–ˆâ–ˆâ–ˆâ•—
    â•šâ•â•â•â•â•â•â•â•šâ•â•â•šâ•â•  â•šâ•â• â•šâ•â•â•â•â•â• â•šâ•â•â•â•â•â• â•šâ•â•â•â•â•â•â•â•šâ•â•   â•šâ•â•   â•šâ•â•â•â•â•â•â•
   -= Standalone SIGMA Detection tool for EVTX/Auditd/Sysmon Linux =-
    
2023-12-15 09:06:17 INFO     [+] Checking prerequisites
2023-12-15 09:06:17 INFO     [+] Processing events
2023-12-15 09:06:18 INFO     [+] Creating model
2023-12-15 09:06:18 INFO     [+] Inserting data
2023-12-15 09:06:18 INFO     [+] Cleaning unused objects
2023-12-15 09:06:18 INFO     [+] Loading ruleset from : OldTestData/rules/sigma_rule.json
2023-12-15 09:06:18 INFO     [+] Executing ruleset - 10 rules
2023-12-15 09:06:18 INFO     [+] Results written in : detected_events.json
2023-12-15 09:06:18 INFO     [+] Cleaning
2023-12-15 09:06:18 INFO     
Finished in 0 seconds
2023-12-15 09:12:31 INFO     
    â–ˆâ–ˆâ–ˆâ–ˆâ–ˆâ–ˆâ–ˆâ•—â–ˆâ–ˆâ•—â–ˆâ–ˆâ–ˆâ–ˆâ–ˆâ–ˆâ•—  â–ˆâ–ˆâ–ˆâ–ˆâ–ˆâ–ˆâ•— â–ˆâ–ˆâ–ˆâ–ˆâ–ˆâ–ˆâ•— â–ˆâ–ˆâ•—     â–ˆâ–ˆâ•—â–ˆâ–ˆâ–ˆâ–ˆâ–ˆâ–ˆâ–ˆâ–ˆâ•—â–ˆâ–ˆâ–ˆâ–ˆâ–ˆâ–ˆâ–ˆâ•—
    â•šâ•â•â–ˆâ–ˆâ–ˆâ•”â•â–ˆâ–ˆâ•‘â–ˆâ–ˆâ•”â•â•â–ˆâ–ˆâ•—â–ˆâ–ˆâ•”â•â•â•â•â•â–ˆâ–ˆâ•”â•â•â•â–ˆâ–ˆâ•—â–ˆâ–ˆâ•‘     â–ˆâ–ˆâ•‘â•šâ•â•â–ˆâ–ˆâ•”â•â•â•â–ˆâ–ˆâ•”â•â•â•â•â•
      â–ˆâ–ˆâ–ˆâ•”â• â–ˆâ–ˆâ•‘â–ˆâ–ˆâ–ˆâ–ˆâ–ˆâ–ˆâ•”â•â–ˆâ–ˆâ•‘     â–ˆâ–ˆâ•‘   â–ˆâ–ˆâ•‘â–ˆâ–ˆâ•‘     â–ˆâ–ˆâ•‘   â–ˆâ–ˆâ•‘   â–ˆâ–ˆâ–ˆâ–ˆâ–ˆâ•—
     â–ˆâ–ˆâ–ˆâ•”â•  â–ˆâ–ˆâ•‘â–ˆâ–ˆâ•”â•â•â–ˆâ–ˆâ•—â–ˆâ–ˆâ•‘     â–ˆâ–ˆâ•‘   â–ˆâ–ˆâ•‘â–ˆâ–ˆâ•‘     â–ˆâ–ˆâ•‘   â–ˆâ–ˆâ•‘   â–ˆâ–ˆâ•”â•â•â•
    â–ˆâ–ˆâ–ˆâ–ˆâ–ˆâ–ˆâ–ˆâ•—â–ˆâ–ˆâ•‘â–ˆâ–ˆâ•‘  â–ˆâ–ˆâ•‘â•šâ–ˆâ–ˆâ–ˆâ–ˆâ–ˆâ–ˆâ•—â•šâ–ˆâ–ˆâ–ˆâ–ˆâ–ˆâ–ˆâ•”â•â–ˆâ–ˆâ–ˆâ–ˆâ–ˆâ–ˆâ–ˆâ•—â–ˆâ–ˆâ•‘   â–ˆâ–ˆâ•‘   â–ˆâ–ˆâ–ˆâ–ˆâ–ˆâ–ˆâ–ˆâ•—
    â•šâ•â•â•â•â•â•â•â•šâ•â•â•šâ•â•  â•šâ•â• â•šâ•â•â•â•â•â• â•šâ•â•â•â•â•â• â•šâ•â•â•â•â•â•â•â•šâ•â•   â•šâ•â•   â•šâ•â•â•â•â•â•â•
   -= Standalone SIGMA Detection tool for EVTX/Auditd/Sysmon Linux =-
    
2023-12-15 09:12:31 INFO     [+] Checking prerequisites
2023-12-15 09:12:31 INFO     [+] Processing events
2023-12-15 09:12:31 INFO     [+] Creating model
2023-12-15 09:12:31 INFO     [+] Inserting data
2023-12-15 09:12:31 INFO     [+] Cleaning unused objects
2023-12-15 09:12:31 INFO     [+] Loading ruleset from : OldTestData/rules/sigma_rule.yml
2023-12-15 09:12:31 ERROR    [31m   [-] Load JSON ruleset failed, are you sure it is a valid JSON file ? : invalid literal: line 2 column 1 (char 1)[39m
2023-12-15 09:12:31 INFO     [+] Executing ruleset - 0 rules
2023-12-15 09:12:31 INFO     [+] Results written in : detected_events.json
2023-12-15 09:12:31 INFO     [+] Cleaning
2023-12-15 09:12:31 INFO     
Finished in 0 seconds
2023-12-15 09:14:48 INFO     
    â–ˆâ–ˆâ–ˆâ–ˆâ–ˆâ–ˆâ–ˆâ•—â–ˆâ–ˆâ•—â–ˆâ–ˆâ–ˆâ–ˆâ–ˆâ–ˆâ•—  â–ˆâ–ˆâ–ˆâ–ˆâ–ˆâ–ˆâ•— â–ˆâ–ˆâ–ˆâ–ˆâ–ˆâ–ˆâ•— â–ˆâ–ˆâ•—     â–ˆâ–ˆâ•—â–ˆâ–ˆâ–ˆâ–ˆâ–ˆâ–ˆâ–ˆâ–ˆâ•—â–ˆâ–ˆâ–ˆâ–ˆâ–ˆâ–ˆâ–ˆâ•—
    â•šâ•â•â–ˆâ–ˆâ–ˆâ•”â•â–ˆâ–ˆâ•‘â–ˆâ–ˆâ•”â•â•â–ˆâ–ˆâ•—â–ˆâ–ˆâ•”â•â•â•â•â•â–ˆâ–ˆâ•”â•â•â•â–ˆâ–ˆâ•—â–ˆâ–ˆâ•‘     â–ˆâ–ˆâ•‘â•šâ•â•â–ˆâ–ˆâ•”â•â•â•â–ˆâ–ˆâ•”â•â•â•â•â•
      â–ˆâ–ˆâ–ˆâ•”â• â–ˆâ–ˆâ•‘â–ˆâ–ˆâ–ˆâ–ˆâ–ˆâ–ˆâ•”â•â–ˆâ–ˆâ•‘     â–ˆâ–ˆâ•‘   â–ˆâ–ˆâ•‘â–ˆâ–ˆâ•‘     â–ˆâ–ˆâ•‘   â–ˆâ–ˆâ•‘   â–ˆâ–ˆâ–ˆâ–ˆâ–ˆâ•—
     â–ˆâ–ˆâ–ˆâ•”â•  â–ˆâ–ˆâ•‘â–ˆâ–ˆâ•”â•â•â–ˆâ–ˆâ•—â–ˆâ–ˆâ•‘     â–ˆâ–ˆâ•‘   â–ˆâ–ˆâ•‘â–ˆâ–ˆâ•‘     â–ˆâ–ˆâ•‘   â–ˆâ–ˆâ•‘   â–ˆâ–ˆâ•”â•â•â•
    â–ˆâ–ˆâ–ˆâ–ˆâ–ˆâ–ˆâ–ˆâ•—â–ˆâ–ˆâ•‘â–ˆâ–ˆâ•‘  â–ˆâ–ˆâ•‘â•šâ–ˆâ–ˆâ–ˆâ–ˆâ–ˆâ–ˆâ•—â•šâ–ˆâ–ˆâ–ˆâ–ˆâ–ˆâ–ˆâ•”â•â–ˆâ–ˆâ–ˆâ–ˆâ–ˆâ–ˆâ–ˆâ•—â–ˆâ–ˆâ•‘   â–ˆâ–ˆâ•‘   â–ˆâ–ˆâ–ˆâ–ˆâ–ˆâ–ˆâ–ˆâ•—
    â•šâ•â•â•â•â•â•â•â•šâ•â•â•šâ•â•  â•šâ•â• â•šâ•â•â•â•â•â• â•šâ•â•â•â•â•â• â•šâ•â•â•â•â•â•â•â•šâ•â•   â•šâ•â•   â•šâ•â•â•â•â•â•â•
   -= Standalone SIGMA Detection tool for EVTX/Auditd/Sysmon Linux =-
    
2023-12-15 09:14:48 INFO     [+] Checking prerequisites
2023-12-15 09:14:48 INFO     [+] Processing events
2023-12-15 09:14:48 INFO     [+] Creating model
2023-12-15 09:14:48 INFO     [+] Inserting data
2023-12-15 09:14:48 INFO     [+] Cleaning unused objects
2023-12-15 09:14:48 INFO     [+] Loading ruleset from : OldTestData/rules/sigma_rule.json
2023-12-15 09:14:48 INFO     [+] Executing ruleset - 9 rules
2023-12-15 09:14:48 INFO     [+] Results written in : detected_events.json
2023-12-15 09:14:48 INFO     [+] Cleaning
2023-12-15 09:14:48 INFO     
Finished in 0 seconds
2023-12-15 09:21:14 INFO     
    â–ˆâ–ˆâ–ˆâ–ˆâ–ˆâ–ˆâ–ˆâ•—â–ˆâ–ˆâ•—â–ˆâ–ˆâ–ˆâ–ˆâ–ˆâ–ˆâ•—  â–ˆâ–ˆâ–ˆâ–ˆâ–ˆâ–ˆâ•— â–ˆâ–ˆâ–ˆâ–ˆâ–ˆâ–ˆâ•— â–ˆâ–ˆâ•—     â–ˆâ–ˆâ•—â–ˆâ–ˆâ–ˆâ–ˆâ–ˆâ–ˆâ–ˆâ–ˆâ•—â–ˆâ–ˆâ–ˆâ–ˆâ–ˆâ–ˆâ–ˆâ•—
    â•šâ•â•â–ˆâ–ˆâ–ˆâ•”â•â–ˆâ–ˆâ•‘â–ˆâ–ˆâ•”â•â•â–ˆâ–ˆâ•—â–ˆâ–ˆâ•”â•â•â•â•â•â–ˆâ–ˆâ•”â•â•â•â–ˆâ–ˆâ•—â–ˆâ–ˆâ•‘     â–ˆâ–ˆâ•‘â•šâ•â•â–ˆâ–ˆâ•”â•â•â•â–ˆâ–ˆâ•”â•â•â•â•â•
      â–ˆâ–ˆâ–ˆâ•”â• â–ˆâ–ˆâ•‘â–ˆâ–ˆâ–ˆâ–ˆâ–ˆâ–ˆâ•”â•â–ˆâ–ˆâ•‘     â–ˆâ–ˆâ•‘   â–ˆâ–ˆâ•‘â–ˆâ–ˆâ•‘     â–ˆâ–ˆâ•‘   â–ˆâ–ˆâ•‘   â–ˆâ–ˆâ–ˆâ–ˆâ–ˆâ•—
     â–ˆâ–ˆâ–ˆâ•”â•  â–ˆâ–ˆâ•‘â–ˆâ–ˆâ•”â•â•â–ˆâ–ˆâ•—â–ˆâ–ˆâ•‘     â–ˆâ–ˆâ•‘   â–ˆâ–ˆâ•‘â–ˆâ–ˆâ•‘     â–ˆâ–ˆâ•‘   â–ˆâ–ˆâ•‘   â–ˆâ–ˆâ•”â•â•â•
    â–ˆâ–ˆâ–ˆâ–ˆâ–ˆâ–ˆâ–ˆâ•—â–ˆâ–ˆâ•‘â–ˆâ–ˆâ•‘  â–ˆâ–ˆâ•‘â•šâ–ˆâ–ˆâ–ˆâ–ˆâ–ˆâ–ˆâ•—â•šâ–ˆâ–ˆâ–ˆâ–ˆâ–ˆâ–ˆâ•”â•â–ˆâ–ˆâ–ˆâ–ˆâ–ˆâ–ˆâ–ˆâ•—â–ˆâ–ˆâ•‘   â–ˆâ–ˆâ•‘   â–ˆâ–ˆâ–ˆâ–ˆâ–ˆâ–ˆâ–ˆâ•—
    â•šâ•â•â•â•â•â•â•â•šâ•â•â•šâ•â•  â•šâ•â• â•šâ•â•â•â•â•â• â•šâ•â•â•â•â•â• â•šâ•â•â•â•â•â•â•â•šâ•â•   â•šâ•â•   â•šâ•â•â•â•â•â•â•
   -= Standalone SIGMA Detection tool for EVTX/Auditd/Sysmon Linux =-
    
2023-12-15 09:21:14 INFO     [+] Checking prerequisites
2023-12-15 09:21:14 INFO     [+] Processing events
2023-12-15 09:21:14 INFO     [+] Creating model
2023-12-15 09:21:14 INFO     [+] Inserting data
2023-12-15 09:21:14 INFO     [+] Cleaning unused objects
2023-12-15 09:21:14 INFO     [+] Loading ruleset from : OldTestData/rules/sigma_rule.json
2023-12-15 09:21:14 ERROR    [31m   [-] Load JSON ruleset failed, are you sure it is a valid JSON file ? : unexpected character: line 2 column 1 (char 2)[39m
2023-12-15 09:21:14 INFO     [+] Executing ruleset - 0 rules
2023-12-15 09:21:14 INFO     [+] Results written in : detected_events.json
2023-12-15 09:21:14 INFO     [+] Cleaning
2023-12-15 09:21:14 INFO     
Finished in 0 seconds
2023-12-15 09:21:21 INFO     
    â–ˆâ–ˆâ–ˆâ–ˆâ–ˆâ–ˆâ–ˆâ•—â–ˆâ–ˆâ•—â–ˆâ–ˆâ–ˆâ–ˆâ–ˆâ–ˆâ•—  â–ˆâ–ˆâ–ˆâ–ˆâ–ˆâ–ˆâ•— â–ˆâ–ˆâ–ˆâ–ˆâ–ˆâ–ˆâ•— â–ˆâ–ˆâ•—     â–ˆâ–ˆâ•—â–ˆâ–ˆâ–ˆâ–ˆâ–ˆâ–ˆâ–ˆâ–ˆâ•—â–ˆâ–ˆâ–ˆâ–ˆâ–ˆâ–ˆâ–ˆâ•—
    â•šâ•â•â–ˆâ–ˆâ–ˆâ•”â•â–ˆâ–ˆâ•‘â–ˆâ–ˆâ•”â•â•â–ˆâ–ˆâ•—â–ˆâ–ˆâ•”â•â•â•â•â•â–ˆâ–ˆâ•”â•â•â•â–ˆâ–ˆâ•—â–ˆâ–ˆâ•‘     â–ˆâ–ˆâ•‘â•šâ•â•â–ˆâ–ˆâ•”â•â•â•â–ˆâ–ˆâ•”â•â•â•â•â•
      â–ˆâ–ˆâ–ˆâ•”â• â–ˆâ–ˆâ•‘â–ˆâ–ˆâ–ˆâ–ˆâ–ˆâ–ˆâ•”â•â–ˆâ–ˆâ•‘     â–ˆâ–ˆâ•‘   â–ˆâ–ˆâ•‘â–ˆâ–ˆâ•‘     â–ˆâ–ˆâ•‘   â–ˆâ–ˆâ•‘   â–ˆâ–ˆâ–ˆâ–ˆâ–ˆâ•—
     â–ˆâ–ˆâ–ˆâ•”â•  â–ˆâ–ˆâ•‘â–ˆâ–ˆâ•”â•â•â–ˆâ–ˆâ•—â–ˆâ–ˆâ•‘     â–ˆâ–ˆâ•‘   â–ˆâ–ˆâ•‘â–ˆâ–ˆâ•‘     â–ˆâ–ˆâ•‘   â–ˆâ–ˆâ•‘   â–ˆâ–ˆâ•”â•â•â•
    â–ˆâ–ˆâ–ˆâ–ˆâ–ˆâ–ˆâ–ˆâ•—â–ˆâ–ˆâ•‘â–ˆâ–ˆâ•‘  â–ˆâ–ˆâ•‘â•šâ–ˆâ–ˆâ–ˆâ–ˆâ–ˆâ–ˆâ•—â•šâ–ˆâ–ˆâ–ˆâ–ˆâ–ˆâ–ˆâ•”â•â–ˆâ–ˆâ–ˆâ–ˆâ–ˆâ–ˆâ–ˆâ•—â–ˆâ–ˆâ•‘   â–ˆâ–ˆâ•‘   â–ˆâ–ˆâ–ˆâ–ˆâ–ˆâ–ˆâ–ˆâ•—
    â•šâ•â•â•â•â•â•â•â•šâ•â•â•šâ•â•  â•šâ•â• â•šâ•â•â•â•â•â• â•šâ•â•â•â•â•â• â•šâ•â•â•â•â•â•â•â•šâ•â•   â•šâ•â•   â•šâ•â•â•â•â•â•â•
   -= Standalone SIGMA Detection tool for EVTX/Auditd/Sysmon Linux =-
    
2023-12-15 09:21:21 INFO     [+] Checking prerequisites
2023-12-15 09:21:21 INFO     [+] Processing events
2023-12-15 09:21:21 INFO     [+] Creating model
2023-12-15 09:21:21 INFO     [+] Inserting data
2023-12-15 09:21:21 INFO     [+] Cleaning unused objects
2023-12-15 09:21:21 INFO     [+] Loading ruleset from : OldTestData/rules/sigma_rule.json
2023-12-15 09:21:21 ERROR    [31m   [-] Load JSON ruleset failed, are you sure it is a valid JSON file ? : unexpected character: line 2 column 1 (char 2)[39m
2023-12-15 09:21:21 INFO     [+] Executing ruleset - 0 rules
2023-12-15 09:21:21 INFO     [+] Results written in : detected_events.json
2023-12-15 09:21:21 INFO     [+] Cleaning
2023-12-15 09:21:21 INFO     
Finished in 0 seconds
2023-12-15 09:21:57 INFO     
    â–ˆâ–ˆâ–ˆâ–ˆâ–ˆâ–ˆâ–ˆâ•—â–ˆâ–ˆâ•—â–ˆâ–ˆâ–ˆâ–ˆâ–ˆâ–ˆâ•—  â–ˆâ–ˆâ–ˆâ–ˆâ–ˆâ–ˆâ•— â–ˆâ–ˆâ–ˆâ–ˆâ–ˆâ–ˆâ•— â–ˆâ–ˆâ•—     â–ˆâ–ˆâ•—â–ˆâ–ˆâ–ˆâ–ˆâ–ˆâ–ˆâ–ˆâ–ˆâ•—â–ˆâ–ˆâ–ˆâ–ˆâ–ˆâ–ˆâ–ˆâ•—
    â•šâ•â•â–ˆâ–ˆâ–ˆâ•”â•â–ˆâ–ˆâ•‘â–ˆâ–ˆâ•”â•â•â–ˆâ–ˆâ•—â–ˆâ–ˆâ•”â•â•â•â•â•â–ˆâ–ˆâ•”â•â•â•â–ˆâ–ˆâ•—â–ˆâ–ˆâ•‘     â–ˆâ–ˆâ•‘â•šâ•â•â–ˆâ–ˆâ•”â•â•â•â–ˆâ–ˆâ•”â•â•â•â•â•
      â–ˆâ–ˆâ–ˆâ•”â• â–ˆâ–ˆâ•‘â–ˆâ–ˆâ–ˆâ–ˆâ–ˆâ–ˆâ•”â•â–ˆâ–ˆâ•‘     â–ˆâ–ˆâ•‘   â–ˆâ–ˆâ•‘â–ˆâ–ˆâ•‘     â–ˆâ–ˆâ•‘   â–ˆâ–ˆâ•‘   â–ˆâ–ˆâ–ˆâ–ˆâ–ˆâ•—
     â–ˆâ–ˆâ–ˆâ•”â•  â–ˆâ–ˆâ•‘â–ˆâ–ˆâ•”â•â•â–ˆâ–ˆâ•—â–ˆâ–ˆâ•‘     â–ˆâ–ˆâ•‘   â–ˆâ–ˆâ•‘â–ˆâ–ˆâ•‘     â–ˆâ–ˆâ•‘   â–ˆâ–ˆâ•‘   â–ˆâ–ˆâ•”â•â•â•
    â–ˆâ–ˆâ–ˆâ–ˆâ–ˆâ–ˆâ–ˆâ•—â–ˆâ–ˆâ•‘â–ˆâ–ˆâ•‘  â–ˆâ–ˆâ•‘â•šâ–ˆâ–ˆâ–ˆâ–ˆâ–ˆâ–ˆâ•—â•šâ–ˆâ–ˆâ–ˆâ–ˆâ–ˆâ–ˆâ•”â•â–ˆâ–ˆâ–ˆâ–ˆâ–ˆâ–ˆâ–ˆâ•—â–ˆâ–ˆâ•‘   â–ˆâ–ˆâ•‘   â–ˆâ–ˆâ–ˆâ–ˆâ–ˆâ–ˆâ–ˆâ•—
    â•šâ•â•â•â•â•â•â•â•šâ•â•â•šâ•â•  â•šâ•â• â•šâ•â•â•â•â•â• â•šâ•â•â•â•â•â• â•šâ•â•â•â•â•â•â•â•šâ•â•   â•šâ•â•   â•šâ•â•â•â•â•â•â•
   -= Standalone SIGMA Detection tool for EVTX/Auditd/Sysmon Linux =-
    
2023-12-15 09:21:57 INFO     [+] Checking prerequisites
2023-12-15 09:21:57 INFO     [+] Processing events
2023-12-15 09:21:57 INFO     [+] Creating model
2023-12-15 09:21:57 INFO     [+] Inserting data
2023-12-15 09:21:57 INFO     [+] Cleaning unused objects
2023-12-15 09:21:57 INFO     [+] Loading ruleset from : OldTestData/rules/sigma_rule.json
2023-12-15 09:21:57 INFO     [+] Executing ruleset - 1 rules
2023-12-15 09:21:57 INFO     [+] Results written in : detected_events.json
2023-12-15 09:21:57 INFO     [+] Cleaning
2023-12-15 09:21:57 INFO     
Finished in 0 seconds
2023-12-15 09:22:10 INFO     
    â–ˆâ–ˆâ–ˆâ–ˆâ–ˆâ–ˆâ–ˆâ•—â–ˆâ–ˆâ•—â–ˆâ–ˆâ–ˆâ–ˆâ–ˆâ–ˆâ•—  â–ˆâ–ˆâ–ˆâ–ˆâ–ˆâ–ˆâ•— â–ˆâ–ˆâ–ˆâ–ˆâ–ˆâ–ˆâ•— â–ˆâ–ˆâ•—     â–ˆâ–ˆâ•—â–ˆâ–ˆâ–ˆâ–ˆâ–ˆâ–ˆâ–ˆâ–ˆâ•—â–ˆâ–ˆâ–ˆâ–ˆâ–ˆâ–ˆâ–ˆâ•—
    â•šâ•â•â–ˆâ–ˆâ–ˆâ•”â•â–ˆâ–ˆâ•‘â–ˆâ–ˆâ•”â•â•â–ˆâ–ˆâ•—â–ˆâ–ˆâ•”â•â•â•â•â•â–ˆâ–ˆâ•”â•â•â•â–ˆâ–ˆâ•—â–ˆâ–ˆâ•‘     â–ˆâ–ˆâ•‘â•šâ•â•â–ˆâ–ˆâ•”â•â•â•â–ˆâ–ˆâ•”â•â•â•â•â•
      â–ˆâ–ˆâ–ˆâ•”â• â–ˆâ–ˆâ•‘â–ˆâ–ˆâ–ˆâ–ˆâ–ˆâ–ˆâ•”â•â–ˆâ–ˆâ•‘     â–ˆâ–ˆâ•‘   â–ˆâ–ˆâ•‘â–ˆâ–ˆâ•‘     â–ˆâ–ˆâ•‘   â–ˆâ–ˆâ•‘   â–ˆâ–ˆâ–ˆâ–ˆâ–ˆâ•—
     â–ˆâ–ˆâ–ˆâ•”â•  â–ˆâ–ˆâ•‘â–ˆâ–ˆâ•”â•â•â–ˆâ–ˆâ•—â–ˆâ–ˆâ•‘     â–ˆâ–ˆâ•‘   â–ˆâ–ˆâ•‘â–ˆâ–ˆâ•‘     â–ˆâ–ˆâ•‘   â–ˆâ–ˆâ•‘   â–ˆâ–ˆâ•”â•â•â•
    â–ˆâ–ˆâ–ˆâ–ˆâ–ˆâ–ˆâ–ˆâ•—â–ˆâ–ˆâ•‘â–ˆâ–ˆâ•‘  â–ˆâ–ˆâ•‘â•šâ–ˆâ–ˆâ–ˆâ–ˆâ–ˆâ–ˆâ•—â•šâ–ˆâ–ˆâ–ˆâ–ˆâ–ˆâ–ˆâ•”â•â–ˆâ–ˆâ–ˆâ–ˆâ–ˆâ–ˆâ–ˆâ•—â–ˆâ–ˆâ•‘   â–ˆâ–ˆâ•‘   â–ˆâ–ˆâ–ˆâ–ˆâ–ˆâ–ˆâ–ˆâ•—
    â•šâ•â•â•â•â•â•â•â•šâ•â•â•šâ•â•  â•šâ•â• â•šâ•â•â•â•â•â• â•šâ•â•â•â•â•â• â•šâ•â•â•â•â•â•â•â•šâ•â•   â•šâ•â•   â•šâ•â•â•â•â•â•â•
   -= Standalone SIGMA Detection tool for EVTX/Auditd/Sysmon Linux =-
    
2023-12-15 09:22:10 INFO     [+] Checking prerequisites
2023-12-15 09:22:10 INFO     [+] Processing events
2023-12-15 09:22:10 INFO     [+] Creating model
2023-12-15 09:22:10 INFO     [+] Inserting data
2023-12-15 09:22:10 INFO     [+] Cleaning unused objects
2023-12-15 09:22:10 INFO     [+] Loading ruleset from : OldTestData/rules/sigma_rule.json
2023-12-15 09:22:10 INFO     [+] Executing ruleset - 1 rules
2023-12-15 09:22:10 INFO     [+] Results written in : detected_events.json
2023-12-15 09:22:10 INFO     [+] Cleaning
2023-12-15 09:22:10 INFO     
Finished in 0 seconds
2023-12-15 09:22:17 INFO     
    â–ˆâ–ˆâ–ˆâ–ˆâ–ˆâ–ˆâ–ˆâ•—â–ˆâ–ˆâ•—â–ˆâ–ˆâ–ˆâ–ˆâ–ˆâ–ˆâ•—  â–ˆâ–ˆâ–ˆâ–ˆâ–ˆâ–ˆâ•— â–ˆâ–ˆâ–ˆâ–ˆâ–ˆâ–ˆâ•— â–ˆâ–ˆâ•—     â–ˆâ–ˆâ•—â–ˆâ–ˆâ–ˆâ–ˆâ–ˆâ–ˆâ–ˆâ–ˆâ•—â–ˆâ–ˆâ–ˆâ–ˆâ–ˆâ–ˆâ–ˆâ•—
    â•šâ•â•â–ˆâ–ˆâ–ˆâ•”â•â–ˆâ–ˆâ•‘â–ˆâ–ˆâ•”â•â•â–ˆâ–ˆâ•—â–ˆâ–ˆâ•”â•â•â•â•â•â–ˆâ–ˆâ•”â•â•â•â–ˆâ–ˆâ•—â–ˆâ–ˆâ•‘     â–ˆâ–ˆâ•‘â•šâ•â•â–ˆâ–ˆâ•”â•â•â•â–ˆâ–ˆâ•”â•â•â•â•â•
      â–ˆâ–ˆâ–ˆâ•”â• â–ˆâ–ˆâ•‘â–ˆâ–ˆâ–ˆâ–ˆâ–ˆâ–ˆâ•”â•â–ˆâ–ˆâ•‘     â–ˆâ–ˆâ•‘   â–ˆâ–ˆâ•‘â–ˆâ–ˆâ•‘     â–ˆâ–ˆâ•‘   â–ˆâ–ˆâ•‘   â–ˆâ–ˆâ–ˆâ–ˆâ–ˆâ•—
     â–ˆâ–ˆâ–ˆâ•”â•  â–ˆâ–ˆâ•‘â–ˆâ–ˆâ•”â•â•â–ˆâ–ˆâ•—â–ˆâ–ˆâ•‘     â–ˆâ–ˆâ•‘   â–ˆâ–ˆâ•‘â–ˆâ–ˆâ•‘     â–ˆâ–ˆâ•‘   â–ˆâ–ˆâ•‘   â–ˆâ–ˆâ•”â•â•â•
    â–ˆâ–ˆâ–ˆâ–ˆâ–ˆâ–ˆâ–ˆâ•—â–ˆâ–ˆâ•‘â–ˆâ–ˆâ•‘  â–ˆâ–ˆâ•‘â•šâ–ˆâ–ˆâ–ˆâ–ˆâ–ˆâ–ˆâ•—â•šâ–ˆâ–ˆâ–ˆâ–ˆâ–ˆâ–ˆâ•”â•â–ˆâ–ˆâ–ˆâ–ˆâ–ˆâ–ˆâ–ˆâ•—â–ˆâ–ˆâ•‘   â–ˆâ–ˆâ•‘   â–ˆâ–ˆâ–ˆâ–ˆâ–ˆâ–ˆâ–ˆâ•—
    â•šâ•â•â•â•â•â•â•â•šâ•â•â•šâ•â•  â•šâ•â• â•šâ•â•â•â•â•â• â•šâ•â•â•â•â•â• â•šâ•â•â•â•â•â•â•â•šâ•â•   â•šâ•â•   â•šâ•â•â•â•â•â•â•
   -= Standalone SIGMA Detection tool for EVTX/Auditd/Sysmon Linux =-
    
2023-12-15 09:22:17 INFO     [+] Checking prerequisites
2023-12-15 09:22:17 INFO     [+] Processing events
2023-12-15 09:22:17 INFO     [+] Creating model
2023-12-15 09:22:17 INFO     [+] Inserting data
2023-12-15 09:22:17 INFO     [+] Cleaning unused objects
2023-12-15 09:22:17 INFO     [+] Loading ruleset from : OldTestData/rules/sigma_rule.json
2023-12-15 09:22:17 INFO     [+] Executing ruleset - 1 rules
2023-12-15 09:22:17 INFO     [+] Results written in : detected_events.json
2023-12-15 09:22:17 INFO     [+] Cleaning
2023-12-15 09:22:17 INFO     
Finished in 0 seconds
2023-12-15 09:22:53 INFO     
    â–ˆâ–ˆâ–ˆâ–ˆâ–ˆâ–ˆâ–ˆâ•—â–ˆâ–ˆâ•—â–ˆâ–ˆâ–ˆâ–ˆâ–ˆâ–ˆâ•—  â–ˆâ–ˆâ–ˆâ–ˆâ–ˆâ–ˆâ•— â–ˆâ–ˆâ–ˆâ–ˆâ–ˆâ–ˆâ•— â–ˆâ–ˆâ•—     â–ˆâ–ˆâ•—â–ˆâ–ˆâ–ˆâ–ˆâ–ˆâ–ˆâ–ˆâ–ˆâ•—â–ˆâ–ˆâ–ˆâ–ˆâ–ˆâ–ˆâ–ˆâ•—
    â•šâ•â•â–ˆâ–ˆâ–ˆâ•”â•â–ˆâ–ˆâ•‘â–ˆâ–ˆâ•”â•â•â–ˆâ–ˆâ•—â–ˆâ–ˆâ•”â•â•â•â•â•â–ˆâ–ˆâ•”â•â•â•â–ˆâ–ˆâ•—â–ˆâ–ˆâ•‘     â–ˆâ–ˆâ•‘â•šâ•â•â–ˆâ–ˆâ•”â•â•â•â–ˆâ–ˆâ•”â•â•â•â•â•
      â–ˆâ–ˆâ–ˆâ•”â• â–ˆâ–ˆâ•‘â–ˆâ–ˆâ–ˆâ–ˆâ–ˆâ–ˆâ•”â•â–ˆâ–ˆâ•‘     â–ˆâ–ˆâ•‘   â–ˆâ–ˆâ•‘â–ˆâ–ˆâ•‘     â–ˆâ–ˆâ•‘   â–ˆâ–ˆâ•‘   â–ˆâ–ˆâ–ˆâ–ˆâ–ˆâ•—
     â–ˆâ–ˆâ–ˆâ•”â•  â–ˆâ–ˆâ•‘â–ˆâ–ˆâ•”â•â•â–ˆâ–ˆâ•—â–ˆâ–ˆâ•‘     â–ˆâ–ˆâ•‘   â–ˆâ–ˆâ•‘â–ˆâ–ˆâ•‘     â–ˆâ–ˆâ•‘   â–ˆâ–ˆâ•‘   â–ˆâ–ˆâ•”â•â•â•
    â–ˆâ–ˆâ–ˆâ–ˆâ–ˆâ–ˆâ–ˆâ•—â–ˆâ–ˆâ•‘â–ˆâ–ˆâ•‘  â–ˆâ–ˆâ•‘â•šâ–ˆâ–ˆâ–ˆâ–ˆâ–ˆâ–ˆâ•—â•šâ–ˆâ–ˆâ–ˆâ–ˆâ–ˆâ–ˆâ•”â•â–ˆâ–ˆâ–ˆâ–ˆâ–ˆâ–ˆâ–ˆâ•—â–ˆâ–ˆâ•‘   â–ˆâ–ˆâ•‘   â–ˆâ–ˆâ–ˆâ–ˆâ–ˆâ–ˆâ–ˆâ•—
    â•šâ•â•â•â•â•â•â•â•šâ•â•â•šâ•â•  â•šâ•â• â•šâ•â•â•â•â•â• â•šâ•â•â•â•â•â• â•šâ•â•â•â•â•â•â•â•šâ•â•   â•šâ•â•   â•šâ•â•â•â•â•â•â•
   -= Standalone SIGMA Detection tool for EVTX/Auditd/Sysmon Linux =-
    
2023-12-15 09:22:53 INFO     [+] Checking prerequisites
2023-12-15 09:22:53 INFO     [+] Processing events
2023-12-15 09:22:53 INFO     [+] Creating model
2023-12-15 09:22:53 INFO     [+] Inserting data
2023-12-15 09:22:53 INFO     [+] Cleaning unused objects
2023-12-15 09:22:53 INFO     [+] Loading ruleset from : OldTestData/rules/sigma_rule.json
2023-12-15 09:22:53 INFO     [+] Executing ruleset - 1 rules
2023-12-15 09:22:53 INFO     [+] Results written in : detected_events.json
2023-12-15 09:22:53 INFO     [+] Cleaning
2023-12-15 09:22:53 INFO     
Finished in 0 seconds
2023-12-15 09:23:12 INFO     
    â–ˆâ–ˆâ–ˆâ–ˆâ–ˆâ–ˆâ–ˆâ•—â–ˆâ–ˆâ•—â–ˆâ–ˆâ–ˆâ–ˆâ–ˆâ–ˆâ•—  â–ˆâ–ˆâ–ˆâ–ˆâ–ˆâ–ˆâ•— â–ˆâ–ˆâ–ˆâ–ˆâ–ˆâ–ˆâ•— â–ˆâ–ˆâ•—     â–ˆâ–ˆâ•—â–ˆâ–ˆâ–ˆâ–ˆâ–ˆâ–ˆâ–ˆâ–ˆâ•—â–ˆâ–ˆâ–ˆâ–ˆâ–ˆâ–ˆâ–ˆâ•—
    â•šâ•â•â–ˆâ–ˆâ–ˆâ•”â•â–ˆâ–ˆâ•‘â–ˆâ–ˆâ•”â•â•â–ˆâ–ˆâ•—â–ˆâ–ˆâ•”â•â•â•â•â•â–ˆâ–ˆâ•”â•â•â•â–ˆâ–ˆâ•—â–ˆâ–ˆâ•‘     â–ˆâ–ˆâ•‘â•šâ•â•â–ˆâ–ˆâ•”â•â•â•â–ˆâ–ˆâ•”â•â•â•â•â•
      â–ˆâ–ˆâ–ˆâ•”â• â–ˆâ–ˆâ•‘â–ˆâ–ˆâ–ˆâ–ˆâ–ˆâ–ˆâ•”â•â–ˆâ–ˆâ•‘     â–ˆâ–ˆâ•‘   â–ˆâ–ˆâ•‘â–ˆâ–ˆâ•‘     â–ˆâ–ˆâ•‘   â–ˆâ–ˆâ•‘   â–ˆâ–ˆâ–ˆâ–ˆâ–ˆâ•—
     â–ˆâ–ˆâ–ˆâ•”â•  â–ˆâ–ˆâ•‘â–ˆâ–ˆâ•”â•â•â–ˆâ–ˆâ•—â–ˆâ–ˆâ•‘     â–ˆâ–ˆâ•‘   â–ˆâ–ˆâ•‘â–ˆâ–ˆâ•‘     â–ˆâ–ˆâ•‘   â–ˆâ–ˆâ•‘   â–ˆâ–ˆâ•”â•â•â•
    â–ˆâ–ˆâ–ˆâ–ˆâ–ˆâ–ˆâ–ˆâ•—â–ˆâ–ˆâ•‘â–ˆâ–ˆâ•‘  â–ˆâ–ˆâ•‘â•šâ–ˆâ–ˆâ–ˆâ–ˆâ–ˆâ–ˆâ•—â•šâ–ˆâ–ˆâ–ˆâ–ˆâ–ˆâ–ˆâ•”â•â–ˆâ–ˆâ–ˆâ–ˆâ–ˆâ–ˆâ–ˆâ•—â–ˆâ–ˆâ•‘   â–ˆâ–ˆâ•‘   â–ˆâ–ˆâ–ˆâ–ˆâ–ˆâ–ˆâ–ˆâ•—
    â•šâ•â•â•â•â•â•â•â•šâ•â•â•šâ•â•  â•šâ•â• â•šâ•â•â•â•â•â• â•šâ•â•â•â•â•â• â•šâ•â•â•â•â•â•â•â•šâ•â•   â•šâ•â•   â•šâ•â•â•â•â•â•â•
   -= Standalone SIGMA Detection tool for EVTX/Auditd/Sysmon Linux =-
    
2023-12-15 09:23:12 INFO     [+] Checking prerequisites
2023-12-15 09:23:12 INFO     [+] Processing events
2023-12-15 09:23:12 INFO     [+] Creating model
2023-12-15 09:23:12 INFO     [+] Inserting data
2023-12-15 09:23:12 INFO     [+] Cleaning unused objects
2023-12-15 09:23:12 INFO     [+] Loading ruleset from : OldTestData/rules/sigma_rule.json
2023-12-15 09:23:12 INFO     [+] Executing ruleset - 1 rules
2023-12-15 09:23:12 INFO     [+] Results written in : detected_events.json
2023-12-15 09:23:12 INFO     [+] Cleaning
2023-12-15 09:23:12 INFO     
Finished in 0 seconds
2023-12-15 09:44:16 INFO     
    â–ˆâ–ˆâ–ˆâ–ˆâ–ˆâ–ˆâ–ˆâ•—â–ˆâ–ˆâ•—â–ˆâ–ˆâ–ˆâ–ˆâ–ˆâ–ˆâ•—  â–ˆâ–ˆâ–ˆâ–ˆâ–ˆâ–ˆâ•— â–ˆâ–ˆâ–ˆâ–ˆâ–ˆâ–ˆâ•— â–ˆâ–ˆâ•—     â–ˆâ–ˆâ•—â–ˆâ–ˆâ–ˆâ–ˆâ–ˆâ–ˆâ–ˆâ–ˆâ•—â–ˆâ–ˆâ–ˆâ–ˆâ–ˆâ–ˆâ–ˆâ•—
    â•šâ•â•â–ˆâ–ˆâ–ˆâ•”â•â–ˆâ–ˆâ•‘â–ˆâ–ˆâ•”â•â•â–ˆâ–ˆâ•—â–ˆâ–ˆâ•”â•â•â•â•â•â–ˆâ–ˆâ•”â•â•â•â–ˆâ–ˆâ•—â–ˆâ–ˆâ•‘     â–ˆâ–ˆâ•‘â•šâ•â•â–ˆâ–ˆâ•”â•â•â•â–ˆâ–ˆâ•”â•â•â•â•â•
      â–ˆâ–ˆâ–ˆâ•”â• â–ˆâ–ˆâ•‘â–ˆâ–ˆâ–ˆâ–ˆâ–ˆâ–ˆâ•”â•â–ˆâ–ˆâ•‘     â–ˆâ–ˆâ•‘   â–ˆâ–ˆâ•‘â–ˆâ–ˆâ•‘     â–ˆâ–ˆâ•‘   â–ˆâ–ˆâ•‘   â–ˆâ–ˆâ–ˆâ–ˆâ–ˆâ•—
     â–ˆâ–ˆâ–ˆâ•”â•  â–ˆâ–ˆâ•‘â–ˆâ–ˆâ•”â•â•â–ˆâ–ˆâ•—â–ˆâ–ˆâ•‘     â–ˆâ–ˆâ•‘   â–ˆâ–ˆâ•‘â–ˆâ–ˆâ•‘     â–ˆâ–ˆâ•‘   â–ˆâ–ˆâ•‘   â–ˆâ–ˆâ•”â•â•â•
    â–ˆâ–ˆâ–ˆâ–ˆâ–ˆâ–ˆâ–ˆâ•—â–ˆâ–ˆâ•‘â–ˆâ–ˆâ•‘  â–ˆâ–ˆâ•‘â•šâ–ˆâ–ˆâ–ˆâ–ˆâ–ˆâ–ˆâ•—â•šâ–ˆâ–ˆâ–ˆâ–ˆâ–ˆâ–ˆâ•”â•â–ˆâ–ˆâ–ˆâ–ˆâ–ˆâ–ˆâ–ˆâ•—â–ˆâ–ˆâ•‘   â–ˆâ–ˆâ•‘   â–ˆâ–ˆâ–ˆâ–ˆâ–ˆâ–ˆâ–ˆâ•—
    â•šâ•â•â•â•â•â•â•â•šâ•â•â•šâ•â•  â•šâ•â• â•šâ•â•â•â•â•â• â•šâ•â•â•â•â•â• â•šâ•â•â•â•â•â•â•â•šâ•â•   â•šâ•â•   â•šâ•â•â•â•â•â•â•
   -= Standalone SIGMA Detection tool for EVTX/Auditd/Sysmon Linux =-
    
2023-12-15 09:44:16 INFO     [+] Checking prerequisites
2023-12-15 09:44:16 INFO     [+] Processing events
2023-12-15 09:44:16 INFO     [+] Creating model
2023-12-15 09:44:16 INFO     [+] Inserting data
2023-12-15 09:44:16 INFO     [+] Cleaning unused objects
2023-12-15 09:44:16 INFO     [+] Loading ruleset from : OldTestData/rules/sigma_rule.json
2023-12-15 09:44:16 INFO     [+] Executing ruleset - 1 rules
2023-12-15 09:44:16 INFO     [+] Results written in : detected_events.json
2023-12-15 09:44:16 INFO     [+] Cleaning
2023-12-15 09:44:16 INFO     
Finished in 0 seconds
2023-12-15 10:11:33 INFO     
    â–ˆâ–ˆâ–ˆâ–ˆâ–ˆâ–ˆâ–ˆâ•—â–ˆâ–ˆâ•—â–ˆâ–ˆâ–ˆâ–ˆâ–ˆâ–ˆâ•—  â–ˆâ–ˆâ–ˆâ–ˆâ–ˆâ–ˆâ•— â–ˆâ–ˆâ–ˆâ–ˆâ–ˆâ–ˆâ•— â–ˆâ–ˆâ•—     â–ˆâ–ˆâ•—â–ˆâ–ˆâ–ˆâ–ˆâ–ˆâ–ˆâ–ˆâ–ˆâ•—â–ˆâ–ˆâ–ˆâ–ˆâ–ˆâ–ˆâ–ˆâ•—
    â•šâ•â•â–ˆâ–ˆâ–ˆâ•”â•â–ˆâ–ˆâ•‘â–ˆâ–ˆâ•”â•â•â–ˆâ–ˆâ•—â–ˆâ–ˆâ•”â•â•â•â•â•â–ˆâ–ˆâ•”â•â•â•â–ˆâ–ˆâ•—â–ˆâ–ˆâ•‘     â–ˆâ–ˆâ•‘â•šâ•â•â–ˆâ–ˆâ•”â•â•â•â–ˆâ–ˆâ•”â•â•â•â•â•
      â–ˆâ–ˆâ–ˆâ•”â• â–ˆâ–ˆâ•‘â–ˆâ–ˆâ–ˆâ–ˆâ–ˆâ–ˆâ•”â•â–ˆâ–ˆâ•‘     â–ˆâ–ˆâ•‘   â–ˆâ–ˆâ•‘â–ˆâ–ˆâ•‘     â–ˆâ–ˆâ•‘   â–ˆâ–ˆâ•‘   â–ˆâ–ˆâ–ˆâ–ˆâ–ˆâ•—
     â–ˆâ–ˆâ–ˆâ•”â•  â–ˆâ–ˆâ•‘â–ˆâ–ˆâ•”â•â•â–ˆâ–ˆâ•—â–ˆâ–ˆâ•‘     â–ˆâ–ˆâ•‘   â–ˆâ–ˆâ•‘â–ˆâ–ˆâ•‘     â–ˆâ–ˆâ•‘   â–ˆâ–ˆâ•‘   â–ˆâ–ˆâ•”â•â•â•
    â–ˆâ–ˆâ–ˆâ–ˆâ–ˆâ–ˆâ–ˆâ•—â–ˆâ–ˆâ•‘â–ˆâ–ˆâ•‘  â–ˆâ–ˆâ•‘â•šâ–ˆâ–ˆâ–ˆâ–ˆâ–ˆâ–ˆâ•—â•šâ–ˆâ–ˆâ–ˆâ–ˆâ–ˆâ–ˆâ•”â•â–ˆâ–ˆâ–ˆâ–ˆâ–ˆâ–ˆâ–ˆâ•—â–ˆâ–ˆâ•‘   â–ˆâ–ˆâ•‘   â–ˆâ–ˆâ–ˆâ–ˆâ–ˆâ–ˆâ–ˆâ•—
    â•šâ•â•â•â•â•â•â•â•šâ•â•â•šâ•â•  â•šâ•â• â•šâ•â•â•â•â•â• â•šâ•â•â•â•â•â• â•šâ•â•â•â•â•â•â•â•šâ•â•   â•šâ•â•   â•šâ•â•â•â•â•â•â•
   -= Standalone SIGMA Detection tool for EVTX/Auditd/Sysmon Linux =-
    
2023-12-15 10:11:33 INFO     [+] Checking prerequisites
2023-12-15 10:11:33 INFO     [+] Processing events
2023-12-15 10:11:33 INFO     [+] Creating model
2023-12-15 10:11:33 INFO     [+] Inserting data
2023-12-15 10:11:33 INFO     [+] Cleaning unused objects
2023-12-15 10:11:33 INFO     [+] Loading ruleset from : OldTestData/rules/sigma_rule.json
2023-12-15 10:11:33 INFO     [+] Executing ruleset - 1 rules
2023-12-15 10:11:33 INFO     [+] Results written in : detected_events.json
2023-12-15 10:11:33 INFO     [+] Cleaning
2023-12-15 10:11:33 INFO     
Finished in 0 seconds
2023-12-15 10:12:27 INFO     
    â–ˆâ–ˆâ–ˆâ–ˆâ–ˆâ–ˆâ–ˆâ•—â–ˆâ–ˆâ•—â–ˆâ–ˆâ–ˆâ–ˆâ–ˆâ–ˆâ•—  â–ˆâ–ˆâ–ˆâ–ˆâ–ˆâ–ˆâ•— â–ˆâ–ˆâ–ˆâ–ˆâ–ˆâ–ˆâ•— â–ˆâ–ˆâ•—     â–ˆâ–ˆâ•—â–ˆâ–ˆâ–ˆâ–ˆâ–ˆâ–ˆâ–ˆâ–ˆâ•—â–ˆâ–ˆâ–ˆâ–ˆâ–ˆâ–ˆâ–ˆâ•—
    â•šâ•â•â–ˆâ–ˆâ–ˆâ•”â•â–ˆâ–ˆâ•‘â–ˆâ–ˆâ•”â•â•â–ˆâ–ˆâ•—â–ˆâ–ˆâ•”â•â•â•â•â•â–ˆâ–ˆâ•”â•â•â•â–ˆâ–ˆâ•—â–ˆâ–ˆâ•‘     â–ˆâ–ˆâ•‘â•šâ•â•â–ˆâ–ˆâ•”â•â•â•â–ˆâ–ˆâ•”â•â•â•â•â•
      â–ˆâ–ˆâ–ˆâ•”â• â–ˆâ–ˆâ•‘â–ˆâ–ˆâ–ˆâ–ˆâ–ˆâ–ˆâ•”â•â–ˆâ–ˆâ•‘     â–ˆâ–ˆâ•‘   â–ˆâ–ˆâ•‘â–ˆâ–ˆâ•‘     â–ˆâ–ˆâ•‘   â–ˆâ–ˆâ•‘   â–ˆâ–ˆâ–ˆâ–ˆâ–ˆâ•—
     â–ˆâ–ˆâ–ˆâ•”â•  â–ˆâ–ˆâ•‘â–ˆâ–ˆâ•”â•â•â–ˆâ–ˆâ•—â–ˆâ–ˆâ•‘     â–ˆâ–ˆâ•‘   â–ˆâ–ˆâ•‘â–ˆâ–ˆâ•‘     â–ˆâ–ˆâ•‘   â–ˆâ–ˆâ•‘   â–ˆâ–ˆâ•”â•â•â•
    â–ˆâ–ˆâ–ˆâ–ˆâ–ˆâ–ˆâ–ˆâ•—â–ˆâ–ˆâ•‘â–ˆâ–ˆâ•‘  â–ˆâ–ˆâ•‘â•šâ–ˆâ–ˆâ–ˆâ–ˆâ–ˆâ–ˆâ•—â•šâ–ˆâ–ˆâ–ˆâ–ˆâ–ˆâ–ˆâ•”â•â–ˆâ–ˆâ–ˆâ–ˆâ–ˆâ–ˆâ–ˆâ•—â–ˆâ–ˆâ•‘   â–ˆâ–ˆâ•‘   â–ˆâ–ˆâ–ˆâ–ˆâ–ˆâ–ˆâ–ˆâ•—
    â•šâ•â•â•â•â•â•â•â•šâ•â•â•šâ•â•  â•šâ•â• â•šâ•â•â•â•â•â• â•šâ•â•â•â•â•â• â•šâ•â•â•â•â•â•â•â•šâ•â•   â•šâ•â•   â•šâ•â•â•â•â•â•â•
   -= Standalone SIGMA Detection tool for EVTX/Auditd/Sysmon Linux =-
    
2023-12-15 10:12:27 INFO     [+] Checking prerequisites
2023-12-15 10:12:27 INFO     [+] Processing events
2023-12-15 10:12:27 INFO     [+] Creating model
2023-12-15 10:12:27 INFO     [+] Inserting data
2023-12-15 10:12:27 INFO     [+] Cleaning unused objects
2023-12-15 10:12:27 INFO     [+] Loading ruleset from : OldTestData/rules/rules_windows_sysmon.json
2023-12-15 10:12:27 INFO     [+] Executing ruleset - 1412 rules
2023-12-15 10:12:27 INFO     [+] Results written in : detected_events.json
2023-12-15 10:12:27 INFO     [+] Cleaning
2023-12-15 10:12:27 INFO     
Finished in 0 seconds
2023-12-15 10:12:41 INFO     
    â–ˆâ–ˆâ–ˆâ–ˆâ–ˆâ–ˆâ–ˆâ•—â–ˆâ–ˆâ•—â–ˆâ–ˆâ–ˆâ–ˆâ–ˆâ–ˆâ•—  â–ˆâ–ˆâ–ˆâ–ˆâ–ˆâ–ˆâ•— â–ˆâ–ˆâ–ˆâ–ˆâ–ˆâ–ˆâ•— â–ˆâ–ˆâ•—     â–ˆâ–ˆâ•—â–ˆâ–ˆâ–ˆâ–ˆâ–ˆâ–ˆâ–ˆâ–ˆâ•—â–ˆâ–ˆâ–ˆâ–ˆâ–ˆâ–ˆâ–ˆâ•—
    â•šâ•â•â–ˆâ–ˆâ–ˆâ•”â•â–ˆâ–ˆâ•‘â–ˆâ–ˆâ•”â•â•â–ˆâ–ˆâ•—â–ˆâ–ˆâ•”â•â•â•â•â•â–ˆâ–ˆâ•”â•â•â•â–ˆâ–ˆâ•—â–ˆâ–ˆâ•‘     â–ˆâ–ˆâ•‘â•šâ•â•â–ˆâ–ˆâ•”â•â•â•â–ˆâ–ˆâ•”â•â•â•â•â•
      â–ˆâ–ˆâ–ˆâ•”â• â–ˆâ–ˆâ•‘â–ˆâ–ˆâ–ˆâ–ˆâ–ˆâ–ˆâ•”â•â–ˆâ–ˆâ•‘     â–ˆâ–ˆâ•‘   â–ˆâ–ˆâ•‘â–ˆâ–ˆâ•‘     â–ˆâ–ˆâ•‘   â–ˆâ–ˆâ•‘   â–ˆâ–ˆâ–ˆâ–ˆâ–ˆâ•—
     â–ˆâ–ˆâ–ˆâ•”â•  â–ˆâ–ˆâ•‘â–ˆâ–ˆâ•”â•â•â–ˆâ–ˆâ•—â–ˆâ–ˆâ•‘     â–ˆâ–ˆâ•‘   â–ˆâ–ˆâ•‘â–ˆâ–ˆâ•‘     â–ˆâ–ˆâ•‘   â–ˆâ–ˆâ•‘   â–ˆâ–ˆâ•”â•â•â•
    â–ˆâ–ˆâ–ˆâ–ˆâ–ˆâ–ˆâ–ˆâ•—â–ˆâ–ˆâ•‘â–ˆâ–ˆâ•‘  â–ˆâ–ˆâ•‘â•šâ–ˆâ–ˆâ–ˆâ–ˆâ–ˆâ–ˆâ•—â•šâ–ˆâ–ˆâ–ˆâ–ˆâ–ˆâ–ˆâ•”â•â–ˆâ–ˆâ–ˆâ–ˆâ–ˆâ–ˆâ–ˆâ•—â–ˆâ–ˆâ•‘   â–ˆâ–ˆâ•‘   â–ˆâ–ˆâ–ˆâ–ˆâ–ˆâ–ˆâ–ˆâ•—
    â•šâ•â•â•â•â•â•â•â•šâ•â•â•šâ•â•  â•šâ•â• â•šâ•â•â•â•â•â• â•šâ•â•â•â•â•â• â•šâ•â•â•â•â•â•â•â•šâ•â•   â•šâ•â•   â•šâ•â•â•â•â•â•â•
   -= Standalone SIGMA Detection tool for EVTX/Auditd/Sysmon Linux =-
    
2023-12-15 10:12:41 INFO     [+] Checking prerequisites
2023-12-15 10:12:41 INFO     [+] Processing events
2023-12-15 10:12:41 INFO     [+] Creating model
2023-12-15 10:12:41 INFO     [+] Inserting data
2023-12-15 10:12:41 INFO     [+] Cleaning unused objects
2023-12-15 10:12:41 INFO     [+] Loading ruleset from : OldTestData/rules/rules_windows_sysmon.json
2023-12-15 10:12:41 INFO     [+] Executing ruleset - 1412 rules
2023-12-15 10:12:41 INFO     [+] Results written in : detected_events.json
2023-12-15 10:12:41 INFO     [+] Cleaning
2023-12-15 10:12:41 INFO     
Finished in 0 seconds
2023-12-15 10:29:28 INFO     
    â–ˆâ–ˆâ–ˆâ–ˆâ–ˆâ–ˆâ–ˆâ•—â–ˆâ–ˆâ•—â–ˆâ–ˆâ–ˆâ–ˆâ–ˆâ–ˆâ•—  â–ˆâ–ˆâ–ˆâ–ˆâ–ˆâ–ˆâ•— â–ˆâ–ˆâ–ˆâ–ˆâ–ˆâ–ˆâ•— â–ˆâ–ˆâ•—     â–ˆâ–ˆâ•—â–ˆâ–ˆâ–ˆâ–ˆâ–ˆâ–ˆâ–ˆâ–ˆâ•—â–ˆâ–ˆâ–ˆâ–ˆâ–ˆâ–ˆâ–ˆâ•—
    â•šâ•â•â–ˆâ–ˆâ–ˆâ•”â•â–ˆâ–ˆâ•‘â–ˆâ–ˆâ•”â•â•â–ˆâ–ˆâ•—â–ˆâ–ˆâ•”â•â•â•â•â•â–ˆâ–ˆâ•”â•â•â•â–ˆâ–ˆâ•—â–ˆâ–ˆâ•‘     â–ˆâ–ˆâ•‘â•šâ•â•â–ˆâ–ˆâ•”â•â•â•â–ˆâ–ˆâ•”â•â•â•â•â•
      â–ˆâ–ˆâ–ˆâ•”â• â–ˆâ–ˆâ•‘â–ˆâ–ˆâ–ˆâ–ˆâ–ˆâ–ˆâ•”â•â–ˆâ–ˆâ•‘     â–ˆâ–ˆâ•‘   â–ˆâ–ˆâ•‘â–ˆâ–ˆâ•‘     â–ˆâ–ˆâ•‘   â–ˆâ–ˆâ•‘   â–ˆâ–ˆâ–ˆâ–ˆâ–ˆâ•—
     â–ˆâ–ˆâ–ˆâ•”â•  â–ˆâ–ˆâ•‘â–ˆâ–ˆâ•”â•â•â–ˆâ–ˆâ•—â–ˆâ–ˆâ•‘     â–ˆâ–ˆâ•‘   â–ˆâ–ˆâ•‘â–ˆâ–ˆâ•‘     â–ˆâ–ˆâ•‘   â–ˆâ–ˆâ•‘   â–ˆâ–ˆâ•”â•â•â•
    â–ˆâ–ˆâ–ˆâ–ˆâ–ˆâ–ˆâ–ˆâ•—â–ˆâ–ˆâ•‘â–ˆâ–ˆâ•‘  â–ˆâ–ˆâ•‘â•šâ–ˆâ–ˆâ–ˆâ–ˆâ–ˆâ–ˆâ•—â•šâ–ˆâ–ˆâ–ˆâ–ˆâ–ˆâ–ˆâ•”â•â–ˆâ–ˆâ–ˆâ–ˆâ–ˆâ–ˆâ–ˆâ•—â–ˆâ–ˆâ•‘   â–ˆâ–ˆâ•‘   â–ˆâ–ˆâ–ˆâ–ˆâ–ˆâ–ˆâ–ˆâ•—
    â•šâ•â•â•â•â•â•â•â•šâ•â•â•šâ•â•  â•šâ•â• â•šâ•â•â•â•â•â• â•šâ•â•â•â•â•â• â•šâ•â•â•â•â•â•â•â•šâ•â•   â•šâ•â•   â•šâ•â•â•â•â•â•â•
   -= Standalone SIGMA Detection tool for EVTX/Auditd/Sysmon Linux =-
    
2023-12-15 10:29:28 INFO     [+] Checking prerequisites
2023-12-15 10:29:28 INFO     [+] Extracting events Using 'tmp-P5PGL7SR' directory 
2023-12-15 10:29:28 INFO     [+] Processing events
2023-12-15 10:29:28 INFO     [+] Creating model
2023-12-15 10:29:28 INFO     [+] Inserting data
2023-12-15 10:29:28 INFO     [+] Cleaning unused objects
2023-12-15 10:29:28 INFO     [+] Loading ruleset from : OldTestData/rules/rules_windows_sysmon.json
2023-12-15 10:29:28 INFO     [+] Executing ruleset - 1412 rules
2023-12-15 10:29:28 INFO     [+] Results written in : detected_events.json
2023-12-15 10:29:28 INFO     [+] Cleaning
2023-12-15 10:29:28 INFO     
Finished in 0 seconds
2023-12-15 10:32:12 INFO     
    â–ˆâ–ˆâ–ˆâ–ˆâ–ˆâ–ˆâ–ˆâ•—â–ˆâ–ˆâ•—â–ˆâ–ˆâ–ˆâ–ˆâ–ˆâ–ˆâ•—  â–ˆâ–ˆâ–ˆâ–ˆâ–ˆâ–ˆâ•— â–ˆâ–ˆâ–ˆâ–ˆâ–ˆâ–ˆâ•— â–ˆâ–ˆâ•—     â–ˆâ–ˆâ•—â–ˆâ–ˆâ–ˆâ–ˆâ–ˆâ–ˆâ–ˆâ–ˆâ•—â–ˆâ–ˆâ–ˆâ–ˆâ–ˆâ–ˆâ–ˆâ•—
    â•šâ•â•â–ˆâ–ˆâ–ˆâ•”â•â–ˆâ–ˆâ•‘â–ˆâ–ˆâ•”â•â•â–ˆâ–ˆâ•—â–ˆâ–ˆâ•”â•â•â•â•â•â–ˆâ–ˆâ•”â•â•â•â–ˆâ–ˆâ•—â–ˆâ–ˆâ•‘     â–ˆâ–ˆâ•‘â•šâ•â•â–ˆâ–ˆâ•”â•â•â•â–ˆâ–ˆâ•”â•â•â•â•â•
      â–ˆâ–ˆâ–ˆâ•”â• â–ˆâ–ˆâ•‘â–ˆâ–ˆâ–ˆâ–ˆâ–ˆâ–ˆâ•”â•â–ˆâ–ˆâ•‘     â–ˆâ–ˆâ•‘   â–ˆâ–ˆâ•‘â–ˆâ–ˆâ•‘     â–ˆâ–ˆâ•‘   â–ˆâ–ˆâ•‘   â–ˆâ–ˆâ–ˆâ–ˆâ–ˆâ•—
     â–ˆâ–ˆâ–ˆâ•”â•  â–ˆâ–ˆâ•‘â–ˆâ–ˆâ•”â•â•â–ˆâ–ˆâ•—â–ˆâ–ˆâ•‘     â–ˆâ–ˆâ•‘   â–ˆâ–ˆâ•‘â–ˆâ–ˆâ•‘     â–ˆâ–ˆâ•‘   â–ˆâ–ˆâ•‘   â–ˆâ–ˆâ•”â•â•â•
    â–ˆâ–ˆâ–ˆâ–ˆâ–ˆâ–ˆâ–ˆâ•—â–ˆâ–ˆâ•‘â–ˆâ–ˆâ•‘  â–ˆâ–ˆâ•‘â•šâ–ˆâ–ˆâ–ˆâ–ˆâ–ˆâ–ˆâ•—â•šâ–ˆâ–ˆâ–ˆâ–ˆâ–ˆâ–ˆâ•”â•â–ˆâ–ˆâ–ˆâ–ˆâ–ˆâ–ˆâ–ˆâ•—â–ˆâ–ˆâ•‘   â–ˆâ–ˆâ•‘   â–ˆâ–ˆâ–ˆâ–ˆâ–ˆâ–ˆâ–ˆâ•—
    â•šâ•â•â•â•â•â•â•â•šâ•â•â•šâ•â•  â•šâ•â• â•šâ•â•â•â•â•â• â•šâ•â•â•â•â•â• â•šâ•â•â•â•â•â•â•â•šâ•â•   â•šâ•â•   â•šâ•â•â•â•â•â•â•
   -= Standalone SIGMA Detection tool for EVTX/Auditd/Sysmon Linux =-
    
2023-12-15 10:32:12 INFO     [+] Checking prerequisites
2023-12-15 10:32:12 INFO     [+] Extracting events Using 'tmp-1XLS220X' directory 
2023-12-15 10:32:12 INFO     [+] Processing events
2023-12-15 10:32:12 INFO     [+] Creating model
2023-12-15 10:32:12 INFO     [+] Inserting data
2023-12-15 10:32:12 INFO     [+] Cleaning unused objects
2023-12-15 10:32:12 INFO     [+] Loading ruleset from : OldTestData/rules/rules_windows_sysmon.json
2023-12-15 10:32:12 INFO     [+] Executing ruleset - 1412 rules
2023-12-15 10:36:04 INFO     
    â–ˆâ–ˆâ–ˆâ–ˆâ–ˆâ–ˆâ–ˆâ•—â–ˆâ–ˆâ•—â–ˆâ–ˆâ–ˆâ–ˆâ–ˆâ–ˆâ•—  â–ˆâ–ˆâ–ˆâ–ˆâ–ˆâ–ˆâ•— â–ˆâ–ˆâ–ˆâ–ˆâ–ˆâ–ˆâ•— â–ˆâ–ˆâ•—     â–ˆâ–ˆâ•—â–ˆâ–ˆâ–ˆâ–ˆâ–ˆâ–ˆâ–ˆâ–ˆâ•—â–ˆâ–ˆâ–ˆâ–ˆâ–ˆâ–ˆâ–ˆâ•—
    â•šâ•â•â–ˆâ–ˆâ–ˆâ•”â•â–ˆâ–ˆâ•‘â–ˆâ–ˆâ•”â•â•â–ˆâ–ˆâ•—â–ˆâ–ˆâ•”â•â•â•â•â•â–ˆâ–ˆâ•”â•â•â•â–ˆâ–ˆâ•—â–ˆâ–ˆâ•‘     â–ˆâ–ˆâ•‘â•šâ•â•â–ˆâ–ˆâ•”â•â•â•â–ˆâ–ˆâ•”â•â•â•â•â•
      â–ˆâ–ˆâ–ˆâ•”â• â–ˆâ–ˆâ•‘â–ˆâ–ˆâ–ˆâ–ˆâ–ˆâ–ˆâ•”â•â–ˆâ–ˆâ•‘     â–ˆâ–ˆâ•‘   â–ˆâ–ˆâ•‘â–ˆâ–ˆâ•‘     â–ˆâ–ˆâ•‘   â–ˆâ–ˆâ•‘   â–ˆâ–ˆâ–ˆâ–ˆâ–ˆâ•—
     â–ˆâ–ˆâ–ˆâ•”â•  â–ˆâ–ˆâ•‘â–ˆâ–ˆâ•”â•â•â–ˆâ–ˆâ•—â–ˆâ–ˆâ•‘     â–ˆâ–ˆâ•‘   â–ˆâ–ˆâ•‘â–ˆâ–ˆâ•‘     â–ˆâ–ˆâ•‘   â–ˆâ–ˆâ•‘   â–ˆâ–ˆâ•”â•â•â•
    â–ˆâ–ˆâ–ˆâ–ˆâ–ˆâ–ˆâ–ˆâ•—â–ˆâ–ˆâ•‘â–ˆâ–ˆâ•‘  â–ˆâ–ˆâ•‘â•šâ–ˆâ–ˆâ–ˆâ–ˆâ–ˆâ–ˆâ•—â•šâ–ˆâ–ˆâ–ˆâ–ˆâ–ˆâ–ˆâ•”â•â–ˆâ–ˆâ–ˆâ–ˆâ–ˆâ–ˆâ–ˆâ•—â–ˆâ–ˆâ•‘   â–ˆâ–ˆâ•‘   â–ˆâ–ˆâ–ˆâ–ˆâ–ˆâ–ˆâ–ˆâ•—
    â•šâ•â•â•â•â•â•â•â•šâ•â•â•šâ•â•  â•šâ•â• â•šâ•â•â•â•â•â• â•šâ•â•â•â•â•â• â•šâ•â•â•â•â•â•â•â•šâ•â•   â•šâ•â•   â•šâ•â•â•â•â•â•â•
   -= Standalone SIGMA Detection tool for EVTX/Auditd/Sysmon Linux =-
    
2023-12-15 10:36:04 INFO     [+] Checking prerequisites
2023-12-15 10:36:04 INFO     [+] Extracting events Using 'tmp-QHF4QHJG' directory 
2023-12-15 10:36:04 INFO     [+] Processing events
2023-12-15 10:36:04 INFO     [+] Creating model
2023-12-15 10:36:04 INFO     [+] Inserting data
2023-12-15 10:36:04 INFO     [+] Cleaning unused objects
2023-12-15 10:36:04 INFO     [+] Loading ruleset from : OldTestData/rules/rules_windows_sysmon.json
2023-12-15 10:36:05 INFO     [+] Executing ruleset - 1412 rules
2023-12-15 10:36:05 INFO     [+] Results written in : detected
2023-12-15 10:36:05 INFO     [+] Cleaning
2023-12-15 10:36:05 INFO     
Finished in 0 seconds
2023-12-15 10:38:12 INFO     
    â–ˆâ–ˆâ–ˆâ–ˆâ–ˆâ–ˆâ–ˆâ•—â–ˆâ–ˆâ•—â–ˆâ–ˆâ–ˆâ–ˆâ–ˆâ–ˆâ•—  â–ˆâ–ˆâ–ˆâ–ˆâ–ˆâ–ˆâ•— â–ˆâ–ˆâ–ˆâ–ˆâ–ˆâ–ˆâ•— â–ˆâ–ˆâ•—     â–ˆâ–ˆâ•—â–ˆâ–ˆâ–ˆâ–ˆâ–ˆâ–ˆâ–ˆâ–ˆâ•—â–ˆâ–ˆâ–ˆâ–ˆâ–ˆâ–ˆâ–ˆâ•—
    â•šâ•â•â–ˆâ–ˆâ–ˆâ•”â•â–ˆâ–ˆâ•‘â–ˆâ–ˆâ•”â•â•â–ˆâ–ˆâ•—â–ˆâ–ˆâ•”â•â•â•â•â•â–ˆâ–ˆâ•”â•â•â•â–ˆâ–ˆâ•—â–ˆâ–ˆâ•‘     â–ˆâ–ˆâ•‘â•šâ•â•â–ˆâ–ˆâ•”â•â•â•â–ˆâ–ˆâ•”â•â•â•â•â•
      â–ˆâ–ˆâ–ˆâ•”â• â–ˆâ–ˆâ•‘â–ˆâ–ˆâ–ˆâ–ˆâ–ˆâ–ˆâ•”â•â–ˆâ–ˆâ•‘     â–ˆâ–ˆâ•‘   â–ˆâ–ˆâ•‘â–ˆâ–ˆâ•‘     â–ˆâ–ˆâ•‘   â–ˆâ–ˆâ•‘   â–ˆâ–ˆâ–ˆâ–ˆâ–ˆâ•—
     â–ˆâ–ˆâ–ˆâ•”â•  â–ˆâ–ˆâ•‘â–ˆâ–ˆâ•”â•â•â–ˆâ–ˆâ•—â–ˆâ–ˆâ•‘     â–ˆâ–ˆâ•‘   â–ˆâ–ˆâ•‘â–ˆâ–ˆâ•‘     â–ˆâ–ˆâ•‘   â–ˆâ–ˆâ•‘   â–ˆâ–ˆâ•”â•â•â•
    â–ˆâ–ˆâ–ˆâ–ˆâ–ˆâ–ˆâ–ˆâ•—â–ˆâ–ˆâ•‘â–ˆâ–ˆâ•‘  â–ˆâ–ˆâ•‘â•šâ–ˆâ–ˆâ–ˆâ–ˆâ–ˆâ–ˆâ•—â•šâ–ˆâ–ˆâ–ˆâ–ˆâ–ˆâ–ˆâ•”â•â–ˆâ–ˆâ–ˆâ–ˆâ–ˆâ–ˆâ–ˆâ•—â–ˆâ–ˆâ•‘   â–ˆâ–ˆâ•‘   â–ˆâ–ˆâ–ˆâ–ˆâ–ˆâ–ˆâ–ˆâ•—
    â•šâ•â•â•â•â•â•â•â•šâ•â•â•šâ•â•  â•šâ•â• â•šâ•â•â•â•â•â• â•šâ•â•â•â•â•â• â•šâ•â•â•â•â•â•â•â•šâ•â•   â•šâ•â•   â•šâ•â•â•â•â•â•â•
   -= Standalone SIGMA Detection tool for EVTX/Auditd/Sysmon Linux =-
    
2023-12-15 10:38:12 INFO     [+] Checking prerequisites
2023-12-15 10:38:12 INFO     [+] Extracting events Using 'tmp-MEQHY76V' directory 
2023-12-15 10:38:12 INFO     [+] Processing events
2023-12-15 10:38:12 INFO     [+] Creating model
2023-12-15 10:38:12 INFO     [+] Inserting data
2023-12-15 10:38:12 INFO     [+] Cleaning unused objects
2023-12-15 10:38:12 INFO     [+] Loading ruleset from : OldTestData/rules/rules_windows_generic_full.json
2023-12-15 10:38:12 INFO     [+] Executing ruleset - 2531 rules
2023-12-15 10:38:12 DEBUG        - Windows Defender Threat Detected [high] : 11 events
2023-12-15 10:38:12 INFO     [+] Results written in : detected
2023-12-15 10:38:12 INFO     [+] Cleaning
2023-12-15 10:38:12 INFO     
Finished in 0 seconds
2023-12-15 10:38:51 INFO     
    â–ˆâ–ˆâ–ˆâ–ˆâ–ˆâ–ˆâ–ˆâ•—â–ˆâ–ˆâ•—â–ˆâ–ˆâ–ˆâ–ˆâ–ˆâ–ˆâ•—  â–ˆâ–ˆâ–ˆâ–ˆâ–ˆâ–ˆâ•— â–ˆâ–ˆâ–ˆâ–ˆâ–ˆâ–ˆâ•— â–ˆâ–ˆâ•—     â–ˆâ–ˆâ•—â–ˆâ–ˆâ–ˆâ–ˆâ–ˆâ–ˆâ–ˆâ–ˆâ•—â–ˆâ–ˆâ–ˆâ–ˆâ–ˆâ–ˆâ–ˆâ•—
    â•šâ•â•â–ˆâ–ˆâ–ˆâ•”â•â–ˆâ–ˆâ•‘â–ˆâ–ˆâ•”â•â•â–ˆâ–ˆâ•—â–ˆâ–ˆâ•”â•â•â•â•â•â–ˆâ–ˆâ•”â•â•â•â–ˆâ–ˆâ•—â–ˆâ–ˆâ•‘     â–ˆâ–ˆâ•‘â•šâ•â•â–ˆâ–ˆâ•”â•â•â•â–ˆâ–ˆâ•”â•â•â•â•â•
      â–ˆâ–ˆâ–ˆâ•”â• â–ˆâ–ˆâ•‘â–ˆâ–ˆâ–ˆâ–ˆâ–ˆâ–ˆâ•”â•â–ˆâ–ˆâ•‘     â–ˆâ–ˆâ•‘   â–ˆâ–ˆâ•‘â–ˆâ–ˆâ•‘     â–ˆâ–ˆâ•‘   â–ˆâ–ˆâ•‘   â–ˆâ–ˆâ–ˆâ–ˆâ–ˆâ•—
     â–ˆâ–ˆâ–ˆâ•”â•  â–ˆâ–ˆâ•‘â–ˆâ–ˆâ•”â•â•â–ˆâ–ˆâ•—â–ˆâ–ˆâ•‘     â–ˆâ–ˆâ•‘   â–ˆâ–ˆâ•‘â–ˆâ–ˆâ•‘     â–ˆâ–ˆâ•‘   â–ˆâ–ˆâ•‘   â–ˆâ–ˆâ•”â•â•â•
    â–ˆâ–ˆâ–ˆâ–ˆâ–ˆâ–ˆâ–ˆâ•—â–ˆâ–ˆâ•‘â–ˆâ–ˆâ•‘  â–ˆâ–ˆâ•‘â•šâ–ˆâ–ˆâ–ˆâ–ˆâ–ˆâ–ˆâ•—â•šâ–ˆâ–ˆâ–ˆâ–ˆâ–ˆâ–ˆâ•”â•â–ˆâ–ˆâ–ˆâ–ˆâ–ˆâ–ˆâ–ˆâ•—â–ˆâ–ˆâ•‘   â–ˆâ–ˆâ•‘   â–ˆâ–ˆâ–ˆâ–ˆâ–ˆâ–ˆâ–ˆâ•—
    â•šâ•â•â•â•â•â•â•â•šâ•â•â•šâ•â•  â•šâ•â• â•šâ•â•â•â•â•â• â•šâ•â•â•â•â•â• â•šâ•â•â•â•â•â•â•â•šâ•â•   â•šâ•â•   â•šâ•â•â•â•â•â•â•
   -= Standalone SIGMA Detection tool for EVTX/Auditd/Sysmon Linux =-
    
2023-12-15 10:38:51 INFO     [+] Checking prerequisites
2023-12-15 10:38:51 INFO     [+] Extracting events Using 'tmp-03Q564UW' directory 
2023-12-15 10:38:51 INFO     [+] Processing events
2023-12-15 10:38:51 INFO     [+] Creating model
2023-12-15 10:38:51 INFO     [+] Inserting data
2023-12-15 10:38:51 INFO     [+] Cleaning unused objects
2023-12-15 10:38:51 INFO     [+] Loading ruleset from : OldTestData/rules/rules_windows_generic_full.json
2023-12-15 10:38:51 INFO     [+] Executing ruleset - 2531 rules
2023-12-15 10:38:51 DEBUG        - Windows Defender Threat Detected [high] : 11 events
2023-12-15 10:38:51 INFO     [+] Results written in : detected_events.json
2023-12-15 10:38:51 INFO     [+] Cleaning
2023-12-15 10:38:51 INFO     
Finished in 0 seconds
